<?xml version="1.0" encoding="UTF-8"?>
<!-- Generated by org.testng.reporters.JUnitReportReporter -->
<testsuite skipped="0" hostname="LAPTOP-2438V1A5" name="com.rs.library.API.AddBook" tests="3" failures="0" timestamp="2021-06-01T19:27:11 IST" time="2.921" errors="0">
  <testcase name="addBook" time="2.656" classname="com.rs.library.API.AddBook"/>
  <system-out/>
  <testcase name="addBookwithData" time="0.129" classname="com.rs.library.API.AddBook"/>
  <system-out/>
  <testcase name="addBookwithData" time="0.136" classname="com.rs.library.API.AddBook"/>
  <system-out/>
</testsuite> <!-- com.rs.library.API.AddBook -->
